<?xml version="1.0" encoding="UTF-8"?>
<!-- Generated by org.testng.reporters.JUnitXMLReporter -->
<testsuite hostname="DELL" ignored="0" name="Test" tests="12" failures="0" timestamp="21 Oct 2020 15:38:53 GMT" time="176.386" errors="0">
  <testcase name="clickOnPIMLink" time="6.37" classname="com.OrangeHRM.qa.testcases.PIMPageTest"/>
  <testcase name="LoginPageTitleTest" time="0.019" classname="com.OrangeHRM.qa.testcases.LoginPageTest"/>
  <testcase name="HomePageTitleTest" time="0.017" classname="com.OrangeHRM.qa.testcases.HomePageTest"/>
  <testcase name="OrangeHRMLogoImageTest" time="0.235" classname="com.OrangeHRM.qa.testcases.LoginPageTest"/>
  <testcase name="verifyWelcomenameTest" time="0.071" classname="com.OrangeHRM.qa.testcases.HomePageTest"/>
  <testcase name="loginTest" time="6.529" classname="com.OrangeHRM.qa.testcases.LoginPageTest"/>
  <testcase name="clickOnDashboardLinkTest" time="0.8" classname="com.OrangeHRM.qa.testcases.HomePageTest"/>
  <testcase name="clickOnPerformanceLinkTest" time="1.526" classname="com.OrangeHRM.qa.testcases.HomePageTest"/>
  <testcase name="clickOnDirectoryLinkTest" time="3.104" classname="com.OrangeHRM.qa.testcases.HomePageTest"/>
  <testcase name="clickOnRecruitmentLinkTest" time="1.777" classname="com.OrangeHRM.qa.testcases.HomePageTest"/>
  <testcase name="clickOnAdminLinkTest" time="1.54" classname="com.OrangeHRM.qa.testcases.HomePageTest"/>
  <testcase name="clickOnPIMLinkTest" time="1.941" classname="com.OrangeHRM.qa.testcases.HomePageTest"/>
</testsuite> <!-- Test -->
